# JRE version: OpenJDK Runtime Environment (17.0.2+8) (build 17.0.2+8-86)
# Java VM: OpenJDK 64-Bit Server VM (17.0.2+8-86, mixed mode, sharing, tiered, compressed oops, compressed class ptrs, g1 gc, windows-amd64)
GC Precious Log:
 CPUs: 8 total, 8 available
 Memory: 8023M
 Large Page Support: Disabled
 NUMA Support: Disabled
 Compressed Oops: Enabled (32-bit)
 Heap Region Size: 1M
 Heap Min Capacity: 8M
 Heap Initial Capacity: 126M
 Heap Max Capacity: 2006M
 Pre-touch: Disabled
 Parallel Workers: 8
 Concurrent Workers: 2
 Concurrent Refinement Workers: 8
 Periodic GC: Disabled
Heap:
 garbage-first heap   total 166912K, used 69795K [0x0000000082a00000, 0x0000000100000000)
  region size 1024K, 6 young (6144K), 1 survivors (1024K)
 Metaspace       used 18833K, committed 19136K, reserved 1073152K
  class space    used 2167K, committed 2304K, reserved 1048576K
GC Heap History (20 events):
Event: 29.159 GC heap before
{Heap before GC invocations=14 (full 0):
 garbage-first heap   total 166912K, used 144288K [0x0000000082a00000, 0x0000000100000000)
  region size 1024K, 74 young (75776K), 1 survivors (1024K)
 Metaspace       used 18677K, committed 18944K, reserved 1073152K
  class space    used 2167K, committed 2304K, reserved 1048576K
}
Event: 29.161 GC heap after
{Heap after GC invocations=15 (full 0):
 garbage-first heap   total 166912K, used 69393K [0x0000000082a00000, 0x0000000100000000)
  region size 1024K, 1 young (1024K), 1 survivors (1024K)
 Metaspace       used 18677K, committed 18944K, reserved 1073152K
  class space    used 2167K, committed 2304K, reserved 1048576K
}
Event: 31.340 GC heap before
{Heap before GC invocations=15 (full 0):
 garbage-first heap   total 166912K, used 145169K [0x0000000082a00000, 0x0000000100000000)
  region size 1024K, 75 young (76800K), 1 survivors (1024K)
 Metaspace       used 18696K, committed 19008K, reserved 1073152K
  class space    used 2167K, committed 2304K, reserved 1048576K
}
Event: 31.341 GC heap after
{Heap after GC invocations=16 (full 0):
 garbage-first heap   total 166912K, used 69356K [0x0000000082a00000, 0x0000000100000000)
  region size 1024K, 1 young (1024K), 1 survivors (1024K)
 Metaspace       used 18696K, committed 19008K, reserved 1073152K
  class space    used 2167K, committed 2304K, reserved 1048576K
}
Event: 33.545 GC heap before
{Heap before GC invocations=16 (full 0):
 garbage-first heap   total 166912K, used 145132K [0x0000000082a00000, 0x0000000100000000)
  region size 1024K, 75 young (76800K), 1 survivors (1024K)
 Metaspace       used 18717K, committed 19008K, reserved 1073152K
  class space    used 2167K, committed 2304K, reserved 1048576K
}
Event: 33.546 GC heap after
{Heap after GC invocations=17 (full 0):
 garbage-first heap   total 166912K, used 69360K [0x0000000082a00000, 0x0000000100000000)
  region size 1024K, 1 young (1024K), 1 survivors (1024K)
 Metaspace       used 18717K, committed 19008K, reserved 1073152K
  class space    used 2167K, committed 2304K, reserved 1048576K
}
Event: 35.813 GC heap before
{Heap before GC invocations=17 (full 0):
 garbage-first heap   total 166912K, used 146160K [0x0000000082a00000, 0x0000000100000000)
  region size 1024K, 76 young (77824K), 1 survivors (1024K)
 Metaspace       used 18741K, committed 19008K, reserved 1073152K
  class space    used 2167K, committed 2304K, reserved 1048576K
}
Event: 35.814 GC heap after
{Heap after GC invocations=18 (full 0):
 garbage-first heap   total 166912K, used 69387K [0x0000000082a00000, 0x0000000100000000)
  region size 1024K, 1 young (1024K), 1 survivors (1024K)
 Metaspace       used 18741K, committed 19008K, reserved 1073152K
  class space    used 2167K, committed 2304K, reserved 1048576K
}
Event: 37.251 GC heap before
{Heap before GC invocations=18 (full 0):
 garbage-first heap   total 166912K, used 146187K [0x0000000082a00000, 0x0000000100000000)
  region size 1024K, 76 young (77824K), 1 survivors (1024K)
 Metaspace       used 18744K, committed 19008K, reserved 1073152K
  class space    used 2167K, committed 2304K, reserved 1048576K
}
Event: 37.251 GC heap after
{Heap after GC invocations=19 (full 0):
 garbage-first heap   total 166912K, used 69375K [0x0000000082a00000, 0x0000000100000000)
  region size 1024K, 1 young (1024K), 1 survivors (1024K)
 Metaspace       used 18744K, committed 19008K, reserved 1073152K
  class space    used 2167K, committed 2304K, reserved 1048576K
}
Event: 38.622 GC heap before
{Heap before GC invocations=19 (full 0):
 garbage-first heap   total 166912K, used 146175K [0x0000000082a00000, 0x0000000100000000)
  region size 1024K, 76 young (77824K), 1 survivors (1024K)
 Metaspace       used 18748K, committed 19072K, reserved 1073152K
  class space    used 2167K, committed 2304K, reserved 1048576K
}
Event: 38.623 GC heap after
{Heap after GC invocations=20 (full 0):
 garbage-first heap   total 166912K, used 69375K [0x0000000082a00000, 0x0000000100000000)
  region size 1024K, 1 young (1024K), 1 survivors (1024K)
 Metaspace       used 18748K, committed 19072K, reserved 1073152K
  class space    used 2167K, committed 2304K, reserved 1048576K
}
Event: 39.954 GC heap before
{Heap before GC invocations=20 (full 0):
 garbage-first heap   total 166912K, used 146175K [0x0000000082a00000, 0x0000000100000000)
  region size 1024K, 76 young (77824K), 1 survivors (1024K)
 Metaspace       used 18770K, committed 19072K, reserved 1073152K
  class space    used 2167K, committed 2304K, reserved 1048576K
}
Event: 39.955 GC heap after
{Heap after GC invocations=21 (full 0):
 garbage-first heap   total 166912K, used 69395K [0x0000000082a00000, 0x0000000100000000)
  region size 1024K, 1 young (1024K), 1 survivors (1024K)
 Metaspace       used 18770K, committed 19072K, reserved 1073152K
  class space    used 2167K, committed 2304K, reserved 1048576K
}
Event: 41.049 GC heap before
{Heap before GC invocations=21 (full 0):
 garbage-first heap   total 166912K, used 146195K [0x0000000082a00000, 0x0000000100000000)
  region size 1024K, 76 young (77824K), 1 survivors (1024K)
 Metaspace       used 18777K, committed 19072K, reserved 1073152K
  class space    used 2167K, committed 2304K, reserved 1048576K
}
Event: 41.050 GC heap after
{Heap after GC invocations=22 (full 0):
 garbage-first heap   total 166912K, used 69421K [0x0000000082a00000, 0x0000000100000000)
  region size 1024K, 1 young (1024K), 1 survivors (1024K)
 Metaspace       used 18777K, committed 19072K, reserved 1073152K
  class space    used 2167K, committed 2304K, reserved 1048576K
}
Event: 42.444 GC heap before
{Heap before GC invocations=22 (full 0):
 garbage-first heap   total 166912K, used 147245K [0x0000000082a00000, 0x0000000100000000)
  region size 1024K, 77 young (78848K), 1 survivors (1024K)
 Metaspace       used 18801K, committed 19072K, reserved 1073152K
  class space    used 2167K, committed 2304K, reserved 1048576K
}
Event: 42.445 GC heap after
{Heap after GC invocations=23 (full 0):
 garbage-first heap   total 166912K, used 69395K [0x0000000082a00000, 0x0000000100000000)
  region size 1024K, 1 young (1024K), 1 survivors (1024K)
 Metaspace       used 18801K, committed 19072K, reserved 1073152K
  class space    used 2167K, committed 2304K, reserved 1048576K
}
Event: 42.685 GC heap before
{Heap before GC invocations=23 (full 0):
 garbage-first heap   total 166912K, used 94995K [0x0000000082a00000, 0x0000000100000000)
  region size 1024K, 23 young (23552K), 1 survivors (1024K)
 Metaspace       used 18832K, committed 19136K, reserved 1073152K
  class space    used 2167K, committed 2304K, reserved 1048576K
}
Event: 42.686 GC heap after
{Heap after GC invocations=24 (full 0):
 garbage-first heap   total 166912K, used 73891K [0x0000000082a00000, 0x0000000100000000)
  region size 1024K, 1 young (1024K), 1 survivors (1024K)
 Metaspace       used 18832K, committed 19136K, reserved 1073152K
  class space    used 2167K, committed 2304K, reserved 1048576K
}

