# JRE version: OpenJDK Runtime Environment (17.0.2+8) (build 17.0.2+8-86)
# Java VM: OpenJDK 64-Bit Server VM (17.0.2+8-86, mixed mode, sharing, tiered, compressed oops, compressed class ptrs, g1 gc, bsd-amd64)
GC Precious Log:
 CPUs: 12 total, 12 available
 Memory: 16384M
 Large Page Support: Disabled
 NUMA Support: Disabled
 Compressed Oops: Enabled (Zero based)
 Heap Region Size: 2M
 Heap Min Capacity: 8M
 Heap Initial Capacity: 256M
 Heap Max Capacity: 4G
 Pre-touch: Disabled
 Parallel Workers: 10
 Concurrent Workers: 3
 Concurrent Refinement Workers: 10
 Periodic GC: Disabled
Heap:
 garbage-first heap   total 448512K, used 149967K [0x0000000700000000, 0x0000000800000000)
  region size 2048K, 9 young (18432K), 1 survivors (2048K)
 Metaspace       used 19817K, committed 20224K, reserved 1073152K
  class space    used 2363K, committed 2560K, reserved 1048576K
GC Heap History (20 events):
Event: 100.176 GC heap before
{Heap before GC invocations=231 (full 0):
 garbage-first heap   total 448512K, used 266694K [0x0000000700000000, 0x0000000800000000)
  region size 2048K, 36 young (73728K), 1 survivors (2048K)
 Metaspace       used 19807K, committed 20160K, reserved 1073152K
  class space    used 2363K, committed 2560K, reserved 1048576K
}
Event: 100.178 GC heap after
{Heap after GC invocations=232 (full 0):
 garbage-first heap   total 448512K, used 135624K [0x0000000700000000, 0x0000000800000000)
  region size 2048K, 1 young (2048K), 1 survivors (2048K)
 Metaspace       used 19807K, committed 20160K, reserved 1073152K
  class space    used 2363K, committed 2560K, reserved 1048576K
}
Event: 100.437 GC heap before
{Heap before GC invocations=232 (full 0):
 garbage-first heap   total 448512K, used 264648K [0x0000000700000000, 0x0000000800000000)
  region size 2048K, 35 young (71680K), 1 survivors (2048K)
 Metaspace       used 19813K, committed 20224K, reserved 1073152K
  class space    used 2363K, committed 2560K, reserved 1048576K
}
Event: 100.438 GC heap after
{Heap after GC invocations=233 (full 0):
 garbage-first heap   total 448512K, used 111046K [0x0000000700000000, 0x0000000800000000)
  region size 2048K, 1 young (2048K), 1 survivors (2048K)
 Metaspace       used 19813K, committed 20224K, reserved 1073152K
  class space    used 2363K, committed 2560K, reserved 1048576K
}
Event: 100.734 GC heap before
{Heap before GC invocations=233 (full 0):
 garbage-first heap   total 448512K, used 260550K [0x0000000700000000, 0x0000000800000000)
  region size 2048K, 33 young (67584K), 1 survivors (2048K)
 Metaspace       used 19814K, committed 20224K, reserved 1073152K
  class space    used 2363K, committed 2560K, reserved 1048576K
}
Event: 100.736 GC heap after
{Heap after GC invocations=234 (full 0):
 garbage-first heap   total 448512K, used 135622K [0x0000000700000000, 0x0000000800000000)
  region size 2048K, 1 young (2048K), 1 survivors (2048K)
 Metaspace       used 19814K, committed 20224K, reserved 1073152K
  class space    used 2363K, committed 2560K, reserved 1048576K
}
Event: 100.938 GC heap before
{Heap before GC invocations=234 (full 0):
 garbage-first heap   total 448512K, used 240070K [0x0000000700000000, 0x0000000800000000)
  region size 2048K, 23 young (47104K), 1 survivors (2048K)
 Metaspace       used 19814K, committed 20224K, reserved 1073152K
  class space    used 2363K, committed 2560K, reserved 1048576K
}
Event: 100.939 GC heap after
{Heap after GC invocations=235 (full 0):
 garbage-first heap   total 448512K, used 111048K [0x0000000700000000, 0x0000000800000000)
  region size 2048K, 1 young (2048K), 1 survivors (2048K)
 Metaspace       used 19814K, committed 20224K, reserved 1073152K
  class space    used 2363K, committed 2560K, reserved 1048576K
}
Event: 101.246 GC heap before
{Heap before GC invocations=235 (full 0):
 garbage-first heap   total 448512K, used 258504K [0x0000000700000000, 0x0000000800000000)
  region size 2048K, 32 young (65536K), 1 survivors (2048K)
 Metaspace       used 19814K, committed 20224K, reserved 1073152K
  class space    used 2363K, committed 2560K, reserved 1048576K
}
Event: 101.247 GC heap after
{Heap after GC invocations=236 (full 0):
 garbage-first heap   total 448512K, used 135624K [0x0000000700000000, 0x0000000800000000)
  region size 2048K, 1 young (2048K), 1 survivors (2048K)
 Metaspace       used 19814K, committed 20224K, reserved 1073152K
  class space    used 2363K, committed 2560K, reserved 1048576K
}
Event: 101.493 GC heap before
{Heap before GC invocations=236 (full 0):
 garbage-first heap   total 448512K, used 252360K [0x0000000700000000, 0x0000000800000000)
  region size 2048K, 29 young (59392K), 1 survivors (2048K)
 Metaspace       used 19816K, committed 20224K, reserved 1073152K
  class space    used 2363K, committed 2560K, reserved 1048576K
}
Event: 101.494 GC heap after
{Heap after GC invocations=237 (full 0):
 garbage-first heap   total 448512K, used 111048K [0x0000000700000000, 0x0000000800000000)
  region size 2048K, 1 young (2048K), 1 survivors (2048K)
 Metaspace       used 19816K, committed 20224K, reserved 1073152K
  class space    used 2363K, committed 2560K, reserved 1048576K
}
Event: 101.809 GC heap before
{Heap before GC invocations=237 (full 0):
 garbage-first heap   total 448512K, used 262600K [0x0000000700000000, 0x0000000800000000)
  region size 2048K, 34 young (69632K), 1 survivors (2048K)
 Metaspace       used 19816K, committed 20224K, reserved 1073152K
  class space    used 2363K, committed 2560K, reserved 1048576K
}
Event: 101.810 GC heap after
{Heap after GC invocations=238 (full 0):
 garbage-first heap   total 448512K, used 135626K [0x0000000700000000, 0x0000000800000000)
  region size 2048K, 1 young (2048K), 1 survivors (2048K)
 Metaspace       used 19816K, committed 20224K, reserved 1073152K
  class space    used 2363K, committed 2560K, reserved 1048576K
}
Event: 102.028 GC heap before
{Heap before GC invocations=238 (full 0):
 garbage-first heap   total 448512K, used 244170K [0x0000000700000000, 0x0000000800000000)
  region size 2048K, 25 young (51200K), 1 survivors (2048K)
 Metaspace       used 19817K, committed 20224K, reserved 1073152K
  class space    used 2363K, committed 2560K, reserved 1048576K
}
Event: 102.029 GC heap after
{Heap after GC invocations=239 (full 0):
 garbage-first heap   total 448512K, used 111050K [0x0000000700000000, 0x0000000800000000)
  region size 2048K, 1 young (2048K), 1 survivors (2048K)
 Metaspace       used 19817K, committed 20224K, reserved 1073152K
  class space    used 2363K, committed 2560K, reserved 1048576K
}
Event: 102.319 GC heap before
{Heap before GC invocations=239 (full 0):
 garbage-first heap   total 448512K, used 258506K [0x0000000700000000, 0x0000000800000000)
  region size 2048K, 32 young (65536K), 1 survivors (2048K)
 Metaspace       used 19817K, committed 20224K, reserved 1073152K
  class space    used 2363K, committed 2560K, reserved 1048576K
}
Event: 102.320 GC heap after
{Heap after GC invocations=240 (full 0):
 garbage-first heap   total 448512K, used 135629K [0x0000000700000000, 0x0000000800000000)
  region size 2048K, 1 young (2048K), 1 survivors (2048K)
 Metaspace       used 19817K, committed 20224K, reserved 1073152K
  class space    used 2363K, committed 2560K, reserved 1048576K
}
Event: 102.587 GC heap before
{Heap before GC invocations=240 (full 0):
 garbage-first heap   total 448512K, used 252365K [0x0000000700000000, 0x0000000800000000)
  region size 2048K, 29 young (59392K), 1 survivors (2048K)
 Metaspace       used 19817K, committed 20224K, reserved 1073152K
  class space    used 2363K, committed 2560K, reserved 1048576K
}
Event: 102.588 GC heap after
{Heap after GC invocations=241 (full 0):
 garbage-first heap   total 448512K, used 111055K [0x0000000700000000, 0x0000000800000000)
  region size 2048K, 1 young (2048K), 1 survivors (2048K)
 Metaspace       used 19817K, committed 20224K, reserved 1073152K
  class space    used 2363K, committed 2560K, reserved 1048576K
}

